Performing C SOURCE FILE Test CMAKE_HAVE_LIBC_PTHREAD failed with the following output:
Change Dir: /home/robocomp/robocomp/robotica/practica4/gotoxy/CMakeFiles/CMakeTmp

Run Build Command(s):/usr/bin/make -f Makefile cmTC_88f29/fast && /usr/bin/make  -f CMakeFiles/cmTC_88f29.dir/build.make CMakeFiles/cmTC_88f29.dir/build
make[1]: se entra en el directorio '/home/alumno/robocomp/robotica/practica4/gotoxy/CMakeFiles/CMakeTmp'
Building C object CMakeFiles/cmTC_88f29.dir/src.c.o
/usr/bin/cc -DCMAKE_HAVE_LIBC_PTHREAD   -o CMakeFiles/cmTC_88f29.dir/src.c.o -c /home/robocomp/robocomp/robotica/practica4/gotoxy/CMakeFiles/CMakeTmp/src.c
Linking C executable cmTC_88f29
/snap/clion/169/bin/cmake/linux/bin/cmake -E cmake_link_script CMakeFiles/cmTC_88f29.dir/link.txt --verbose=1
/usr/bin/cc CMakeFiles/cmTC_88f29.dir/src.c.o -o cmTC_88f29 
/usr/bin/ld: CMakeFiles/cmTC_88f29.dir/src.c.o: en la función `main':
src.c:(.text+0x46): referencia a `pthread_create' sin definir
/usr/bin/ld: src.c:(.text+0x52): referencia a `pthread_detach' sin definir
/usr/bin/ld: src.c:(.text+0x5e): referencia a `pthread_cancel' sin definir
/usr/bin/ld: src.c:(.text+0x6f): referencia a `pthread_join' sin definir
collect2: error: ld returned 1 exit status
make[1]: *** [CMakeFiles/cmTC_88f29.dir/build.make:99: cmTC_88f29] Error 1
make[1]: se sale del directorio '/home/alumno/robocomp/robotica/practica4/gotoxy/CMakeFiles/CMakeTmp'
make: *** [Makefile:127: cmTC_88f29/fast] Error 2


Source file was:
#include <pthread.h>

static void* test_func(void* data)
{
  return data;
}

int main(void)
{
  pthread_t thread;
  pthread_create(&thread, NULL, test_func, NULL);
  pthread_detach(thread);
  pthread_cancel(thread);
  pthread_join(thread, NULL);
  pthread_atfork(NULL, NULL, NULL);
  pthread_exit(NULL);

  return 0;
}

Determining if the function pthread_create exists in the pthreads failed with the following output:
Change Dir: /home/robocomp/robocomp/robotica/practica4/gotoxy/CMakeFiles/CMakeTmp

Run Build Command(s):/usr/bin/make -f Makefile cmTC_04af5/fast && /usr/bin/make  -f CMakeFiles/cmTC_04af5.dir/build.make CMakeFiles/cmTC_04af5.dir/build
make[1]: se entra en el directorio '/home/alumno/robocomp/robotica/practica4/gotoxy/CMakeFiles/CMakeTmp'
Building C object CMakeFiles/cmTC_04af5.dir/CheckFunctionExists.c.o
/usr/bin/cc   -DCHECK_FUNCTION_EXISTS=pthread_create -o CMakeFiles/cmTC_04af5.dir/CheckFunctionExists.c.o -c /snap/clion/169/bin/cmake/linux/share/cmake-3.20/Modules/CheckFunctionExists.c
Linking C executable cmTC_04af5
/snap/clion/169/bin/cmake/linux/bin/cmake -E cmake_link_script CMakeFiles/cmTC_04af5.dir/link.txt --verbose=1
/usr/bin/cc  -DCHECK_FUNCTION_EXISTS=pthread_create CMakeFiles/cmTC_04af5.dir/CheckFunctionExists.c.o -o cmTC_04af5  -lpthreads 
/usr/bin/ld: no se puede encontrar -lpthreads
collect2: error: ld returned 1 exit status
make[1]: *** [CMakeFiles/cmTC_04af5.dir/build.make:99: cmTC_04af5] Error 1
make[1]: se sale del directorio '/home/alumno/robocomp/robotica/practica4/gotoxy/CMakeFiles/CMakeTmp'
make: *** [Makefile:127: cmTC_04af5/fast] Error 2



Performing C SOURCE FILE Test CMAKE_HAVE_LIBC_PTHREAD failed with the following output:
Change Dir: /home/celia/robocomp/robotica/practica4/gotoxy/CMakeFiles/CMakeTmp

Run Build Command(s):/usr/bin/make cmTC_85498/fast && /usr/bin/make -f CMakeFiles/cmTC_85498.dir/build.make CMakeFiles/cmTC_85498.dir/build
make[1]: se entra en el directorio '/home/celia/robocomp/robotica/practica4/gotoxy/CMakeFiles/CMakeTmp'
Building C object CMakeFiles/cmTC_85498.dir/src.c.o
/usr/bin/cc   -DCMAKE_HAVE_LIBC_PTHREAD   -o CMakeFiles/cmTC_85498.dir/src.c.o   -c /home/celia/robocomp/robotica/practica4/gotoxy/CMakeFiles/CMakeTmp/src.c
Linking C executable cmTC_85498
/usr/bin/cmake -E cmake_link_script CMakeFiles/cmTC_85498.dir/link.txt --verbose=1
/usr/bin/cc  -DCMAKE_HAVE_LIBC_PTHREAD    CMakeFiles/cmTC_85498.dir/src.c.o  -o cmTC_85498 
/usr/bin/ld: CMakeFiles/cmTC_85498.dir/src.c.o: en la función `main':
src.c:(.text+0x46): referencia a `pthread_create' sin definir
/usr/bin/ld: src.c:(.text+0x52): referencia a `pthread_detach' sin definir
/usr/bin/ld: src.c:(.text+0x63): referencia a `pthread_join' sin definir
collect2: error: ld returned 1 exit status
make[1]: *** [CMakeFiles/cmTC_85498.dir/build.make:87: cmTC_85498] Error 1
make[1]: se sale del directorio '/home/celia/robocomp/robotica/practica4/gotoxy/CMakeFiles/CMakeTmp'
make: *** [Makefile:121: cmTC_85498/fast] Error 2


Source file was:
#include <pthread.h>

void* test_func(void* data)
{
  return data;
}

int main(void)
{
  pthread_t thread;
  pthread_create(&thread, NULL, test_func, NULL);
  pthread_detach(thread);
  pthread_join(thread, NULL);
  pthread_atfork(NULL, NULL, NULL);
  pthread_exit(NULL);

  return 0;
}

Determining if the function pthread_create exists in the pthreads failed with the following output:
Change Dir: /home/celia/robocomp/robotica/practica4/gotoxy/CMakeFiles/CMakeTmp

Run Build Command(s):/usr/bin/make cmTC_0e332/fast && /usr/bin/make -f CMakeFiles/cmTC_0e332.dir/build.make CMakeFiles/cmTC_0e332.dir/build
make[1]: se entra en el directorio '/home/celia/robocomp/robotica/practica4/gotoxy/CMakeFiles/CMakeTmp'
Building C object CMakeFiles/cmTC_0e332.dir/CheckFunctionExists.c.o
/usr/bin/cc   -DCHECK_FUNCTION_EXISTS=pthread_create   -o CMakeFiles/cmTC_0e332.dir/CheckFunctionExists.c.o   -c /usr/share/cmake-3.16/Modules/CheckFunctionExists.c
Linking C executable cmTC_0e332
/usr/bin/cmake -E cmake_link_script CMakeFiles/cmTC_0e332.dir/link.txt --verbose=1
/usr/bin/cc  -DCHECK_FUNCTION_EXISTS=pthread_create    CMakeFiles/cmTC_0e332.dir/CheckFunctionExists.c.o  -o cmTC_0e332  -lpthreads 
/usr/bin/ld: no se puede encontrar -lpthreads
collect2: error: ld returned 1 exit status
make[1]: *** [CMakeFiles/cmTC_0e332.dir/build.make:87: cmTC_0e332] Error 1
make[1]: se sale del directorio '/home/celia/robocomp/robotica/practica4/gotoxy/CMakeFiles/CMakeTmp'
make: *** [Makefile:121: cmTC_0e332/fast] Error 2



Performing C SOURCE FILE Test CMAKE_HAVE_LIBC_PTHREAD failed with the following output:
Change Dir: /home/celia/robocomp/robotica/practica4/gotoxy/CMakeFiles/CMakeTmp

Run Build Command(s):/usr/bin/make cmTC_575a4/fast && /usr/bin/make -f CMakeFiles/cmTC_575a4.dir/build.make CMakeFiles/cmTC_575a4.dir/build
make[1]: se entra en el directorio '/home/celia/robocomp/robotica/practica4/gotoxy/CMakeFiles/CMakeTmp'
Building C object CMakeFiles/cmTC_575a4.dir/src.c.o
/usr/bin/cc   -DCMAKE_HAVE_LIBC_PTHREAD   -o CMakeFiles/cmTC_575a4.dir/src.c.o   -c /home/celia/robocomp/robotica/practica4/gotoxy/CMakeFiles/CMakeTmp/src.c
Linking C executable cmTC_575a4
/usr/bin/cmake -E cmake_link_script CMakeFiles/cmTC_575a4.dir/link.txt --verbose=1
/usr/bin/cc  -DCMAKE_HAVE_LIBC_PTHREAD    CMakeFiles/cmTC_575a4.dir/src.c.o  -o cmTC_575a4 
/usr/bin/ld: CMakeFiles/cmTC_575a4.dir/src.c.o: en la función `main':
src.c:(.text+0x46): referencia a `pthread_create' sin definir
/usr/bin/ld: src.c:(.text+0x52): referencia a `pthread_detach' sin definir
/usr/bin/ld: src.c:(.text+0x63): referencia a `pthread_join' sin definir
collect2: error: ld returned 1 exit status
make[1]: *** [CMakeFiles/cmTC_575a4.dir/build.make:87: cmTC_575a4] Error 1
make[1]: se sale del directorio '/home/celia/robocomp/robotica/practica4/gotoxy/CMakeFiles/CMakeTmp'
make: *** [Makefile:121: cmTC_575a4/fast] Error 2


Source file was:
#include <pthread.h>

void* test_func(void* data)
{
  return data;
}

int main(void)
{
  pthread_t thread;
  pthread_create(&thread, NULL, test_func, NULL);
  pthread_detach(thread);
  pthread_join(thread, NULL);
  pthread_atfork(NULL, NULL, NULL);
  pthread_exit(NULL);

  return 0;
}

Determining if the function pthread_create exists in the pthreads failed with the following output:
Change Dir: /home/celia/robocomp/robotica/practica4/gotoxy/CMakeFiles/CMakeTmp

Run Build Command(s):/usr/bin/make cmTC_bf8bb/fast && /usr/bin/make -f CMakeFiles/cmTC_bf8bb.dir/build.make CMakeFiles/cmTC_bf8bb.dir/build
make[1]: se entra en el directorio '/home/celia/robocomp/robotica/practica4/gotoxy/CMakeFiles/CMakeTmp'
Building C object CMakeFiles/cmTC_bf8bb.dir/CheckFunctionExists.c.o
/usr/bin/cc   -DCHECK_FUNCTION_EXISTS=pthread_create   -o CMakeFiles/cmTC_bf8bb.dir/CheckFunctionExists.c.o   -c /usr/share/cmake-3.16/Modules/CheckFunctionExists.c
Linking C executable cmTC_bf8bb
/usr/bin/cmake -E cmake_link_script CMakeFiles/cmTC_bf8bb.dir/link.txt --verbose=1
/usr/bin/cc  -DCHECK_FUNCTION_EXISTS=pthread_create    CMakeFiles/cmTC_bf8bb.dir/CheckFunctionExists.c.o  -o cmTC_bf8bb  -lpthreads 
/usr/bin/ld: no se puede encontrar -lpthreads
collect2: error: ld returned 1 exit status
make[1]: *** [CMakeFiles/cmTC_bf8bb.dir/build.make:87: cmTC_bf8bb] Error 1
make[1]: se sale del directorio '/home/celia/robocomp/robotica/practica4/gotoxy/CMakeFiles/CMakeTmp'
make: *** [Makefile:121: cmTC_bf8bb/fast] Error 2



Performing C SOURCE FILE Test CMAKE_HAVE_LIBC_PTHREAD failed with the following output:
Change Dir: /home/ruben/robocomp/robotica/practica4/gotoxy/CMakeFiles/CMakeTmp

Run Build Command(s):/usr/bin/make cmTC_21f6d/fast && /usr/bin/make -f CMakeFiles/cmTC_21f6d.dir/build.make CMakeFiles/cmTC_21f6d.dir/build
make[1]: se entra en el directorio '/home/ruben/robocomp/robotica/practica4/gotoxy/CMakeFiles/CMakeTmp'
Building C object CMakeFiles/cmTC_21f6d.dir/src.c.o
/usr/bin/cc   -DCMAKE_HAVE_LIBC_PTHREAD   -o CMakeFiles/cmTC_21f6d.dir/src.c.o   -c /home/ruben/robocomp/robotica/practica4/gotoxy/CMakeFiles/CMakeTmp/src.c
Linking C executable cmTC_21f6d
/usr/bin/cmake -E cmake_link_script CMakeFiles/cmTC_21f6d.dir/link.txt --verbose=1
/usr/bin/cc  -DCMAKE_HAVE_LIBC_PTHREAD    CMakeFiles/cmTC_21f6d.dir/src.c.o  -o cmTC_21f6d 
/usr/bin/ld: CMakeFiles/cmTC_21f6d.dir/src.c.o: en la función `main':
src.c:(.text+0x46): referencia a `pthread_create' sin definir
/usr/bin/ld: src.c:(.text+0x52): referencia a `pthread_detach' sin definir
/usr/bin/ld: src.c:(.text+0x63): referencia a `pthread_join' sin definir
collect2: error: ld returned 1 exit status
make[1]: *** [CMakeFiles/cmTC_21f6d.dir/build.make:87: cmTC_21f6d] Error 1
make[1]: se sale del directorio '/home/ruben/robocomp/robotica/practica4/gotoxy/CMakeFiles/CMakeTmp'
make: *** [Makefile:121: cmTC_21f6d/fast] Error 2


Source file was:
#include <pthread.h>

void* test_func(void* data)
{
  return data;
}

int main(void)
{
  pthread_t thread;
  pthread_create(&thread, NULL, test_func, NULL);
  pthread_detach(thread);
  pthread_join(thread, NULL);
  pthread_atfork(NULL, NULL, NULL);
  pthread_exit(NULL);

  return 0;
}

Determining if the function pthread_create exists in the pthreads failed with the following output:
Change Dir: /home/ruben/robocomp/robotica/practica4/gotoxy/CMakeFiles/CMakeTmp

Run Build Command(s):/usr/bin/make cmTC_10ad8/fast && /usr/bin/make -f CMakeFiles/cmTC_10ad8.dir/build.make CMakeFiles/cmTC_10ad8.dir/build
make[1]: se entra en el directorio '/home/ruben/robocomp/robotica/practica4/gotoxy/CMakeFiles/CMakeTmp'
Building C object CMakeFiles/cmTC_10ad8.dir/CheckFunctionExists.c.o
/usr/bin/cc   -DCHECK_FUNCTION_EXISTS=pthread_create   -o CMakeFiles/cmTC_10ad8.dir/CheckFunctionExists.c.o   -c /usr/share/cmake-3.16/Modules/CheckFunctionExists.c
Linking C executable cmTC_10ad8
/usr/bin/cmake -E cmake_link_script CMakeFiles/cmTC_10ad8.dir/link.txt --verbose=1
/usr/bin/cc  -DCHECK_FUNCTION_EXISTS=pthread_create    CMakeFiles/cmTC_10ad8.dir/CheckFunctionExists.c.o  -o cmTC_10ad8  -lpthreads 
/usr/bin/ld: no se puede encontrar -lpthreads
collect2: error: ld returned 1 exit status
make[1]: *** [CMakeFiles/cmTC_10ad8.dir/build.make:87: cmTC_10ad8] Error 1
make[1]: se sale del directorio '/home/ruben/robocomp/robotica/practica4/gotoxy/CMakeFiles/CMakeTmp'
make: *** [Makefile:121: cmTC_10ad8/fast] Error 2



Performing C SOURCE FILE Test CMAKE_HAVE_LIBC_PTHREAD failed with the following output:
Change Dir: /home/celia/robocomp/robotica/practica4/gotoxy/CMakeFiles/CMakeTmp

Run Build Command(s):/usr/bin/make cmTC_d403c/fast && /usr/bin/make -f CMakeFiles/cmTC_d403c.dir/build.make CMakeFiles/cmTC_d403c.dir/build
make[1]: se entra en el directorio '/home/celia/robocomp/robotica/practica4/gotoxy/CMakeFiles/CMakeTmp'
Building C object CMakeFiles/cmTC_d403c.dir/src.c.o
/usr/bin/cc   -DCMAKE_HAVE_LIBC_PTHREAD   -o CMakeFiles/cmTC_d403c.dir/src.c.o   -c /home/celia/robocomp/robotica/practica4/gotoxy/CMakeFiles/CMakeTmp/src.c
Linking C executable cmTC_d403c
/usr/bin/cmake -E cmake_link_script CMakeFiles/cmTC_d403c.dir/link.txt --verbose=1
/usr/bin/cc  -DCMAKE_HAVE_LIBC_PTHREAD    CMakeFiles/cmTC_d403c.dir/src.c.o  -o cmTC_d403c 
/usr/bin/ld: CMakeFiles/cmTC_d403c.dir/src.c.o: en la función `main':
src.c:(.text+0x46): referencia a `pthread_create' sin definir
/usr/bin/ld: src.c:(.text+0x52): referencia a `pthread_detach' sin definir
/usr/bin/ld: src.c:(.text+0x63): referencia a `pthread_join' sin definir
collect2: error: ld returned 1 exit status
make[1]: *** [CMakeFiles/cmTC_d403c.dir/build.make:87: cmTC_d403c] Error 1
make[1]: se sale del directorio '/home/celia/robocomp/robotica/practica4/gotoxy/CMakeFiles/CMakeTmp'
make: *** [Makefile:121: cmTC_d403c/fast] Error 2


Source file was:
#include <pthread.h>

void* test_func(void* data)
{
  return data;
}

int main(void)
{
  pthread_t thread;
  pthread_create(&thread, NULL, test_func, NULL);
  pthread_detach(thread);
  pthread_join(thread, NULL);
  pthread_atfork(NULL, NULL, NULL);
  pthread_exit(NULL);

  return 0;
}

Determining if the function pthread_create exists in the pthreads failed with the following output:
Change Dir: /home/celia/robocomp/robotica/practica4/gotoxy/CMakeFiles/CMakeTmp

Run Build Command(s):/usr/bin/make cmTC_7ad61/fast && /usr/bin/make -f CMakeFiles/cmTC_7ad61.dir/build.make CMakeFiles/cmTC_7ad61.dir/build
make[1]: se entra en el directorio '/home/celia/robocomp/robotica/practica4/gotoxy/CMakeFiles/CMakeTmp'
Building C object CMakeFiles/cmTC_7ad61.dir/CheckFunctionExists.c.o
/usr/bin/cc   -DCHECK_FUNCTION_EXISTS=pthread_create   -o CMakeFiles/cmTC_7ad61.dir/CheckFunctionExists.c.o   -c /usr/share/cmake-3.16/Modules/CheckFunctionExists.c
Linking C executable cmTC_7ad61
/usr/bin/cmake -E cmake_link_script CMakeFiles/cmTC_7ad61.dir/link.txt --verbose=1
/usr/bin/cc  -DCHECK_FUNCTION_EXISTS=pthread_create    CMakeFiles/cmTC_7ad61.dir/CheckFunctionExists.c.o  -o cmTC_7ad61  -lpthreads 
/usr/bin/ld: no se puede encontrar -lpthreads
collect2: error: ld returned 1 exit status
make[1]: *** [CMakeFiles/cmTC_7ad61.dir/build.make:87: cmTC_7ad61] Error 1
make[1]: se sale del directorio '/home/celia/robocomp/robotica/practica4/gotoxy/CMakeFiles/CMakeTmp'
make: *** [Makefile:121: cmTC_7ad61/fast] Error 2



Performing C SOURCE FILE Test CMAKE_HAVE_LIBC_PTHREAD failed with the following output:
Change Dir: /home/celia/robocomp/robotica/practica4/gotoxy/CMakeFiles/CMakeTmp

Run Build Command(s):/usr/bin/make cmTC_f03be/fast && /usr/bin/make -f CMakeFiles/cmTC_f03be.dir/build.make CMakeFiles/cmTC_f03be.dir/build
make[1]: se entra en el directorio '/home/celia/robocomp/robotica/practica4/gotoxy/CMakeFiles/CMakeTmp'
Building C object CMakeFiles/cmTC_f03be.dir/src.c.o
/usr/bin/cc   -DCMAKE_HAVE_LIBC_PTHREAD   -o CMakeFiles/cmTC_f03be.dir/src.c.o   -c /home/celia/robocomp/robotica/practica4/gotoxy/CMakeFiles/CMakeTmp/src.c
Linking C executable cmTC_f03be
/usr/bin/cmake -E cmake_link_script CMakeFiles/cmTC_f03be.dir/link.txt --verbose=1
/usr/bin/cc  -DCMAKE_HAVE_LIBC_PTHREAD    CMakeFiles/cmTC_f03be.dir/src.c.o  -o cmTC_f03be 
/usr/bin/ld: CMakeFiles/cmTC_f03be.dir/src.c.o: en la función `main':
src.c:(.text+0x46): referencia a `pthread_create' sin definir
/usr/bin/ld: src.c:(.text+0x52): referencia a `pthread_detach' sin definir
/usr/bin/ld: src.c:(.text+0x63): referencia a `pthread_join' sin definir
collect2: error: ld returned 1 exit status
make[1]: *** [CMakeFiles/cmTC_f03be.dir/build.make:87: cmTC_f03be] Error 1
make[1]: se sale del directorio '/home/celia/robocomp/robotica/practica4/gotoxy/CMakeFiles/CMakeTmp'
make: *** [Makefile:121: cmTC_f03be/fast] Error 2


Source file was:
#include <pthread.h>

void* test_func(void* data)
{
  return data;
}

int main(void)
{
  pthread_t thread;
  pthread_create(&thread, NULL, test_func, NULL);
  pthread_detach(thread);
  pthread_join(thread, NULL);
  pthread_atfork(NULL, NULL, NULL);
  pthread_exit(NULL);

  return 0;
}

Determining if the function pthread_create exists in the pthreads failed with the following output:
Change Dir: /home/celia/robocomp/robotica/practica4/gotoxy/CMakeFiles/CMakeTmp

Run Build Command(s):/usr/bin/make cmTC_3d7bf/fast && /usr/bin/make -f CMakeFiles/cmTC_3d7bf.dir/build.make CMakeFiles/cmTC_3d7bf.dir/build
make[1]: se entra en el directorio '/home/celia/robocomp/robotica/practica4/gotoxy/CMakeFiles/CMakeTmp'
Building C object CMakeFiles/cmTC_3d7bf.dir/CheckFunctionExists.c.o
/usr/bin/cc   -DCHECK_FUNCTION_EXISTS=pthread_create   -o CMakeFiles/cmTC_3d7bf.dir/CheckFunctionExists.c.o   -c /usr/share/cmake-3.16/Modules/CheckFunctionExists.c
Linking C executable cmTC_3d7bf
/usr/bin/cmake -E cmake_link_script CMakeFiles/cmTC_3d7bf.dir/link.txt --verbose=1
/usr/bin/cc  -DCHECK_FUNCTION_EXISTS=pthread_create    CMakeFiles/cmTC_3d7bf.dir/CheckFunctionExists.c.o  -o cmTC_3d7bf  -lpthreads 
/usr/bin/ld: no se puede encontrar -lpthreads
collect2: error: ld returned 1 exit status
make[1]: *** [CMakeFiles/cmTC_3d7bf.dir/build.make:87: cmTC_3d7bf] Error 1
make[1]: se sale del directorio '/home/celia/robocomp/robotica/practica4/gotoxy/CMakeFiles/CMakeTmp'
make: *** [Makefile:121: cmTC_3d7bf/fast] Error 2



